-- Output Path: windows_gcc
-- Source Root Folder: C:/Projects/Software/CASAL2/CASAL2
-- BuildSystem Folder: C:/Projects/Software/CASAL2/BuildSystem
-- Thirdparty Library Path C:/Projects/Software/CASAL2/BuildSystem/bin/windows_gcc/thirdparty
-- Build Type: Release
--> Building on Windows
-- Compiler Options: -O3 -g0 -Wall -Werror -fmessage-length=0 -Wno-unused-local-typedefs -D__MINGW32__ -D__GNUDOS__ -std=c++17
-- Auto-Diff Libraries: 
-- Third Party Library Path: C:/Projects/Software/CASAL2/BuildSystem/bin/windows_gcc/thirdparty/lib/release
-- Loading third party libraries from C:/Projects/Software/CASAL2/BuildSystem/bin/windows_gcc/thirdparty/lib/release
-- Found library: C:/Projects/Software/CASAL2/BuildSystem/bin/windows_gcc/thirdparty/lib/release/01libgtest.a
-- Short Version: 01libgtest.a
-- Found library: C:/Projects/Software/CASAL2/BuildSystem/bin/windows_gcc/thirdparty/lib/release/02libgmock.a
-- Short Version: 02libgmock.a
-- Found library: C:/Projects/Software/CASAL2/BuildSystem/bin/windows_gcc/thirdparty/lib/release/libboost_program_options-mgw103-mt-s-x64-1_71.a
-- Short Version: libboost_program_options-mgw103-mt-s-x64-1_71.a
-- Found library: C:/Projects/Software/CASAL2/BuildSystem/bin/windows_gcc/thirdparty/lib/release/libboost_system-mgw103-mt-s-x64-1_71.a
-- Short Version: libboost_system-mgw103-mt-s-x64-1_71.a
-- Configuring done
-- Generating done
-- Build files have been written to: C:/Projects/Software/CASAL2/BuildSystem/bin/windows_gcc/library_release
Consolidate compiler generated dependencies of target casal2
[  0%] Building CXX object CMakeFiles/casal2.dir/source/AdditionalPriors/AdditionalPrior.cpp.obj
[  0%] Building CXX object CMakeFiles/casal2.dir/source/AdditionalPriors/Common/ElementDifference.cpp.obj
[  0%] Building CXX object CMakeFiles/casal2.dir/source/AdditionalPriors/Common/Beta.cpp.obj
[  1%] Building CXX object CMakeFiles/casal2.dir/source/AdditionalPriors/Common/VectorSmoothing.cpp.obj
[  1%] Building CXX object CMakeFiles/casal2.dir/source/AdditionalPriors/Common/UniformLog.cpp.obj
[  2%] Building CXX object CMakeFiles/casal2.dir/source/AdditionalPriors/Common/LogNormal.cpp.obj
[  2%] Building CXX object CMakeFiles/casal2.dir/source/AdditionalPriors/Common/VectorAverage.cpp.obj
[  2%] Building CXX object CMakeFiles/casal2.dir/source/AdditionalPriors/Factory.cpp.obj
In file included from C:/Projects/Software/CASAL2/CASAL2/source/BaseClasses/Object.h:27,
                 from C:/Projects/Software/CASAL2/CASAL2/source/BaseClasses/Executor.h:19,
                 from C:/Projects/Software/CASAL2/CASAL2/source/AdditionalPriors/AdditionalPrior.h:20,
                 from C:/Projects/Software/CASAL2/CASAL2/source/AdditionalPriors/AdditionalPrior.cpp:13:
C:/Projects/Software/CASAL2/CASAL2/source/Logging/Logging.h:91:1: error: stray '##' in program
   91 | ##define LOG_FATAL() LOG_FOR(logger::Severity::kFatal) r.stream()
      | ^~
In file included from C:/Projects/Software/CASAL2/CASAL2/source/BaseClasses/Object.h:27,
                 from C:/Projects/Software/CASAL2/CASAL2/source/BaseClasses/Executor.h:19,
                 from C:/Projects/Software/CASAL2/CASAL2/source/AdditionalPriors/AdditionalPrior.h:20,
                 from C:/Projects/Software/CASAL2/CASAL2/source/AdditionalPriors/Common/VectorAverage.h:21,
                 from C:/Projects/Software/CASAL2/CASAL2/source/AdditionalPriors/Common/VectorAverage.cpp:13:
C:/Projects/Software/CASAL2/CASAL2/source/Logging/Logging.h:91:1: error: stray '##' in program
   91 | ##define LOG_FATAL() LOG_FOR(logger::Severity::kFatal) r.stream()
      | ^~
In file included from C:/Projects/Software/CASAL2/CASAL2/source/BaseClasses/Object.h:27,
                 from C:/Projects/Software/CASAL2/CASAL2/source/BaseClasses/Executor.h:19,
                 from C:/Projects/Software/CASAL2/CASAL2/source/AdditionalPriors/AdditionalPrior.h:20,
                 from C:/Projects/Software/CASAL2/CASAL2/source/AdditionalPriors/Common/LogNormal.h:19,
                 from C:/Projects/Software/CASAL2/CASAL2/source/AdditionalPriors/Common/LogNormal.cpp:13:
C:/Projects/Software/CASAL2/CASAL2/source/Logging/Logging.h:91:1: error: stray '##' in program
   91 | ##define LOG_FATAL() LOG_FOR(logger::Severity::kFatal) r.stream()
      | ^~
In file included from C:/Projects/Software/CASAL2/CASAL2/source/BaseClasses/Object.h:27,
                 from C:/Projects/Software/CASAL2/CASAL2/source/BaseClasses/Executor.h:19,
                 from C:/Projects/Software/CASAL2/CASAL2/source/AdditionalPriors/AdditionalPrior.h:20,
                 from C:/Projects/Software/CASAL2/CASAL2/source/AdditionalPriors/Common/ElementDifference.h:18,
                 from C:/Projects/Software/CASAL2/CASAL2/source/AdditionalPriors/Common/ElementDifference.cpp:13:
C:/Projects/Software/CASAL2/CASAL2/source/Logging/Logging.h:91:1: error: stray '##' in program
   91 | ##define LOG_FATAL() LOG_FOR(logger::Severity::kFatal) r.stream()
      | ^~
In file included from C:/Projects/Software/CASAL2/CASAL2/source/BaseClasses/Object.h:27,
                 from C:/Projects/Software/CASAL2/CASAL2/source/BaseClasses/Executor.h:19,
                 from C:/Projects/Software/CASAL2/CASAL2/source/AdditionalPriors/AdditionalPrior.h:20,
                 from C:/Projects/Software/CASAL2/CASAL2/source/AdditionalPriors/Common/Beta.h:18,
                 from C:/Projects/Software/CASAL2/CASAL2/source/AdditionalPriors/Common/Beta.cpp:13:
C:/Projects/Software/CASAL2/CASAL2/source/Logging/Logging.h:91:1: error: stray '##' in program
   91 | ##define LOG_FATAL() LOG_FOR(logger::Severity::kFatal) r.stream()
      | ^~
In file included from C:/Projects/Software/CASAL2/CASAL2/source/BaseClasses/Object.h:27,
                 from C:/Projects/Software/CASAL2/CASAL2/source/BaseClasses/Executor.h:19,
                 from C:/Projects/Software/CASAL2/CASAL2/source/AdditionalPriors/AdditionalPrior.h:20,
                 from C:/Projects/Software/CASAL2/CASAL2/source/AdditionalPriors/Common/UniformLog.h:18,
                 from C:/Projects/Software/CASAL2/CASAL2/source/AdditionalPriors/Common/UniformLog.cpp:13:
C:/Projects/Software/CASAL2/CASAL2/source/Logging/Logging.h:91:1: error: stray '##' in program
   91 | ##define LOG_FATAL() LOG_FOR(logger::Severity::kFatal) r.stream()
      | ^~
In file included from C:/Projects/Software/CASAL2/CASAL2/source/BaseClasses/Object.h:27,
                 from C:/Projects/Software/CASAL2/CASAL2/source/BaseClasses/Executor.h:19,
                 from C:/Projects/Software/CASAL2/CASAL2/source/AdditionalPriors/AdditionalPrior.h:20,
                 from C:/Projects/Software/CASAL2/CASAL2/source/AdditionalPriors/Factory.h:15,
                 from C:/Projects/Software/CASAL2/CASAL2/source/AdditionalPriors/Factory.cpp:13:
C:/Projects/Software/CASAL2/CASAL2/source/Logging/Logging.h:91:1: error: stray '##' in program
   91 | ##define LOG_FATAL() LOG_FOR(logger::Severity::kFatal) r.stream()
      | ^~
In file included from C:/Projects/Software/CASAL2/CASAL2/source/BaseClasses/Object.h:27,
                 from C:/Projects/Software/CASAL2/CASAL2/source/BaseClasses/Executor.h:19,
                 from C:/Projects/Software/CASAL2/CASAL2/source/AdditionalPriors/AdditionalPrior.h:20,
                 from C:/Projects/Software/CASAL2/CASAL2/source/AdditionalPriors/Common/VectorSmoothing.h:22,
                 from C:/Projects/Software/CASAL2/CASAL2/source/AdditionalPriors/Common/VectorSmoothing.cpp:13:
C:/Projects/Software/CASAL2/CASAL2/source/Logging/Logging.h:91:1: error: stray '##' in program
   91 | ##define LOG_FATAL() LOG_FOR(logger::Severity::kFatal) r.stream()
      | ^~
In file included from C:/Projects/Software/CASAL2/CASAL2/source/BaseClasses/Object.h:27,
                 from C:/Projects/Software/CASAL2/CASAL2/source/BaseClasses/Executor.h:19,
                 from C:/Projects/Software/CASAL2/CASAL2/source/AdditionalPriors/AdditionalPrior.h:20,
                 from C:/Projects/Software/CASAL2/CASAL2/source/AdditionalPriors/Common/VectorAverage.h:21,
                 from C:/Projects/Software/CASAL2/CASAL2/source/AdditionalPriors/Common/VectorAverage.cpp:13:
C:/Projects/Software/CASAL2/CASAL2/source/Logging/Logging.h:91:3: error: 'define' does not name a type
   91 | ##define LOG_FATAL() LOG_FOR(logger::Severity::kFatal) r.stream()
      |   ^~~~~~
In file included from C:/Projects/Software/CASAL2/CASAL2/source/BaseClasses/Object.h:27,
                 from C:/Projects/Software/CASAL2/CASAL2/source/BaseClasses/Executor.h:19,
                 from C:/Projects/Software/CASAL2/CASAL2/source/AdditionalPriors/AdditionalPrior.h:20,
                 from C:/Projects/Software/CASAL2/CASAL2/source/AdditionalPriors/Common/VectorAverage.h:21,
                 from C:/Projects/Software/CASAL2/CASAL2/source/AdditionalPriors/Common/VectorAverage.cpp:13:
C:/Projects/Software/CASAL2/CASAL2/source/Logging/Logging.h:74:88: error: expected unqualified-id before '!' token
   74 | #define LOG_FOR(level) for (logger::Record r(level, __FILE__, __FUNCTION__, __LINE__); !r.Flush(); Logging::Instance().Flush(r))
      |                                                                                        ^
C:/Projects/Software/CASAL2/CASAL2/source/Logging/Logging.h:91:22: note: in expansion of macro 'LOG_FOR'
   91 | ##define LOG_FATAL() LOG_FOR(logger::Severity::kFatal) r.stream()
      |                      ^~~~~~~
C:/Projects/Software/CASAL2/CASAL2/source/Logging/Logging.h:74:100: error: 'Logging' does not name a type
   74 | #define LOG_FOR(level) for (logger::Record r(level, __FILE__, __FUNCTION__, __LINE__); !r.Flush(); Logging::Instance().Flush(r))
      |                                                                                                    ^~~~~~~
C:/Projects/Software/CASAL2/CASAL2/source/Logging/Logging.h:91:22: note: in expansion of macro 'LOG_FOR'
   91 | ##define LOG_FATAL() LOG_FOR(logger::Severity::kFatal) r.stream()
      |                      ^~~~~~~
In file included from C:/TDM-GCC-64/lib/gcc/x86_64-w64-mingw32/10.3.0/include/c++/bits/node_handle.h:39,
                 from C:/TDM-GCC-64/lib/gcc/x86_64-w64-mingw32/10.3.0/include/c++/bits/stl_tree.h:72,
                 from C:/TDM-GCC-64/lib/gcc/x86_64-w64-mingw32/10.3.0/include/c++/map:60,
                 from C:/Projects/Software/CASAL2/CASAL2/source/ParameterList/ParameterList.h:59,
                 from C:/Projects/Software/CASAL2/CASAL2/source/BaseClasses/Object.h:28,
                 from C:/Projects/Software/CASAL2/CASAL2/source/BaseClasses/Executor.h:19,
                 from C:/Projects/Software/CASAL2/CASAL2/source/AdditionalPriors/AdditionalPrior.h:20,
                 from C:/Projects/Software/CASAL2/CASAL2/source/AdditionalPriors/Common/VectorAverage.h:21,
                 from C:/Projects/Software/CASAL2/CASAL2/source/AdditionalPriors/Common/VectorAverage.cpp:13:
C:/TDM-GCC-64/lib/gcc/x86_64-w64-mingw32/10.3.0/include/c++/optional:660:32: error: expected template-name before '<' token
  660 |       private _Enable_copy_move<
      |                                ^
C:/TDM-GCC-64/lib/gcc/x86_64-w64-mingw32/10.3.0/include/c++/optional:660:32: error: expected '{' before '<' token
In file included from C:/Projects/Software/CASAL2/CASAL2/source/BaseClasses/Object.h:27,
                 from C:/Projects/Software/CASAL2/CASAL2/source/BaseClasses/Executor.h:19,
                 from C:/Projects/Software/CASAL2/CASAL2/source/AdditionalPriors/AdditionalPrior.h:20,
                 from C:/Projects/Software/CASAL2/CASAL2/source/AdditionalPriors/Common/LogNormal.h:19,
                 from C:/Projects/Software/CASAL2/CASAL2/source/AdditionalPriors/Common/LogNormal.cpp:13:
C:/Projects/Software/CASAL2/CASAL2/source/Logging/Logging.h:91:3: error: 'define' does not name a type
   91 | ##define LOG_FATAL() LOG_FOR(logger::Severity::kFatal) r.stream()
      |   ^~~~~~
In file included from C:/Projects/Software/CASAL2/CASAL2/source/BaseClasses/Object.h:27,
                 from C:/Projects/Software/CASAL2/CASAL2/source/BaseClasses/Executor.h:19,
                 from C:/Projects/Software/CASAL2/CASAL2/source/AdditionalPriors/AdditionalPrior.h:20,
                 from C:/Projects/Software/CASAL2/CASAL2/source/AdditionalPriors/Common/LogNormal.h:19,
                 from C:/Projects/Software/CASAL2/CASAL2/source/AdditionalPriors/Common/LogNormal.cpp:13:
C:/Projects/Software/CASAL2/CASAL2/source/Logging/Logging.h:74:88: error: expected unqualified-id before '!' token
   74 | #define LOG_FOR(level) for (logger::Record r(level, __FILE__, __FUNCTION__, __LINE__); !r.Flush(); Logging::Instance().Flush(r))
      |                                                                                        ^
C:/Projects/Software/CASAL2/CASAL2/source/Logging/Logging.h:91:22: note: in expansion of macro 'LOG_FOR'
   91 | ##define LOG_FATAL() LOG_FOR(logger::Severity::kFatal) r.stream()
      |                      ^~~~~~~
C:/Projects/Software/CASAL2/CASAL2/source/Logging/Logging.h:74:100: error: 'Logging' does not name a type
   74 | #define LOG_FOR(level) for (logger::Record r(level, __FILE__, __FUNCTION__, __LINE__); !r.Flush(); Logging::Instance().Flush(r))
      |                                                                                                    ^~~~~~~
C:/Projects/Software/CASAL2/CASAL2/source/Logging/Logging.h:91:22: note: in expansion of macro 'LOG_FOR'
   91 | ##define LOG_FATAL() LOG_FOR(logger::Severity::kFatal) r.stream()
      |                      ^~~~~~~
In file included from C:/TDM-GCC-64/lib/gcc/x86_64-w64-mingw32/10.3.0/include/c++/bits/node_handle.h:39,
                 from C:/TDM-GCC-64/lib/gcc/x86_64-w64-mingw32/10.3.0/include/c++/bits/stl_tree.h:72,
                 from C:/TDM-GCC-64/lib/gcc/x86_64-w64-mingw32/10.3.0/include/c++/map:60,
                 from C:/Projects/Software/CASAL2/CASAL2/source/ParameterList/ParameterList.h:59,
                 from C:/Projects/Software/CASAL2/CASAL2/source/BaseClasses/Object.h:28,
                 from C:/Projects/Software/CASAL2/CASAL2/source/BaseClasses/Executor.h:19,
                 from C:/Projects/Software/CASAL2/CASAL2/source/AdditionalPriors/AdditionalPrior.h:20,
                 from C:/Projects/Software/CASAL2/CASAL2/source/AdditionalPriors/Common/LogNormal.h:19,
                 from C:/Projects/Software/CASAL2/CASAL2/source/AdditionalPriors/Common/LogNormal.cpp:13:
C:/TDM-GCC-64/lib/gcc/x86_64-w64-mingw32/10.3.0/include/c++/optional:660:32: error: expected template-name before '<' token
  660 |       private _Enable_copy_move<
      |                                ^
C:/TDM-GCC-64/lib/gcc/x86_64-w64-mingw32/10.3.0/include/c++/optional:660:32: error: expected '{' before '<' token
In file included from C:/Projects/Software/CASAL2/CASAL2/source/BaseClasses/Object.h:27,
                 from C:/Projects/Software/CASAL2/CASAL2/source/BaseClasses/Executor.h:19,
                 from C:/Projects/Software/CASAL2/CASAL2/source/AdditionalPriors/AdditionalPrior.h:20,
                 from C:/Projects/Software/CASAL2/CASAL2/source/AdditionalPriors/Common/ElementDifference.h:18,
                 from C:/Projects/Software/CASAL2/CASAL2/source/AdditionalPriors/Common/ElementDifference.cpp:13:
C:/Projects/Software/CASAL2/CASAL2/source/Logging/Logging.h:91:3: error: 'define' does not name a type
   91 | ##define LOG_FATAL() LOG_FOR(logger::Severity::kFatal) r.stream()
      |   ^~~~~~
In file included from C:/Projects/Software/CASAL2/CASAL2/source/BaseClasses/Object.h:27,
                 from C:/Projects/Software/CASAL2/CASAL2/source/BaseClasses/Executor.h:19,
                 from C:/Projects/Software/CASAL2/CASAL2/source/AdditionalPriors/AdditionalPrior.h:20,
                 from C:/Projects/Software/CASAL2/CASAL2/source/AdditionalPriors/Common/ElementDifference.h:18,
                 from C:/Projects/Software/CASAL2/CASAL2/source/AdditionalPriors/Common/ElementDifference.cpp:13:
C:/Projects/Software/CASAL2/CASAL2/source/Logging/Logging.h:74:88: error: expected unqualified-id before '!' token
   74 | #define LOG_FOR(level) for (logger::Record r(level, __FILE__, __FUNCTION__, __LINE__); !r.Flush(); Logging::Instance().Flush(r))
      |                                                                                        ^
C:/Projects/Software/CASAL2/CASAL2/source/Logging/Logging.h:91:22: note: in expansion of macro 'LOG_FOR'
   91 | ##define LOG_FATAL() LOG_FOR(logger::Severity::kFatal) r.stream()
      |                      ^~~~~~~
C:/Projects/Software/CASAL2/CASAL2/source/Logging/Logging.h:74:100: error: 'Logging' does not name a type
   74 | #define LOG_FOR(level) for (logger::Record r(level, __FILE__, __FUNCTION__, __LINE__); !r.Flush(); Logging::Instance().Flush(r))
      |                                                                                                    ^~~~~~~
C:/Projects/Software/CASAL2/CASAL2/source/Logging/Logging.h:91:22: note: in expansion of macro 'LOG_FOR'
   91 | ##define LOG_FATAL() LOG_FOR(logger::Severity::kFatal) r.stream()
      |                      ^~~~~~~
In file included from C:/TDM-GCC-64/lib/gcc/x86_64-w64-mingw32/10.3.0/include/c++/bits/node_handle.h:39,
                 from C:/TDM-GCC-64/lib/gcc/x86_64-w64-mingw32/10.3.0/include/c++/bits/stl_tree.h:72,
                 from C:/TDM-GCC-64/lib/gcc/x86_64-w64-mingw32/10.3.0/include/c++/map:60,
                 from C:/Projects/Software/CASAL2/CASAL2/source/ParameterList/ParameterList.h:59,
                 from C:/Projects/Software/CASAL2/CASAL2/source/BaseClasses/Object.h:28,
                 from C:/Projects/Software/CASAL2/CASAL2/source/BaseClasses/Executor.h:19,
                 from C:/Projects/Software/CASAL2/CASAL2/source/AdditionalPriors/AdditionalPrior.h:20,
                 from C:/Projects/Software/CASAL2/CASAL2/source/AdditionalPriors/Common/ElementDifference.h:18,
                 from C:/Projects/Software/CASAL2/CASAL2/source/AdditionalPriors/Common/ElementDifference.cpp:13:
C:/TDM-GCC-64/lib/gcc/x86_64-w64-mingw32/10.3.0/include/c++/optional:660:32: error: expected template-name before '<' token
  660 |       private _Enable_copy_move<
      |                                ^
C:/TDM-GCC-64/lib/gcc/x86_64-w64-mingw32/10.3.0/include/c++/optional:660:32: error: expected '{' before '<' token
In file included from C:/Projects/Software/CASAL2/CASAL2/source/BaseClasses/Object.h:27,
                 from C:/Projects/Software/CASAL2/CASAL2/source/BaseClasses/Executor.h:19,
                 from C:/Projects/Software/CASAL2/CASAL2/source/AdditionalPriors/AdditionalPrior.h:20,
                 from C:/Projects/Software/CASAL2/CASAL2/source/AdditionalPriors/AdditionalPrior.cpp:13:
C:/Projects/Software/CASAL2/CASAL2/source/Logging/Logging.h:91:3: error: 'define' does not name a type
   91 | ##define LOG_FATAL() LOG_FOR(logger::Severity::kFatal) r.stream()
      |   ^~~~~~
In file included from C:/Projects/Software/CASAL2/CASAL2/source/BaseClasses/Object.h:27,
                 from C:/Projects/Software/CASAL2/CASAL2/source/BaseClasses/Executor.h:19,
                 from C:/Projects/Software/CASAL2/CASAL2/source/AdditionalPriors/AdditionalPrior.h:20,
                 from C:/Projects/Software/CASAL2/CASAL2/source/AdditionalPriors/AdditionalPrior.cpp:13:
C:/Projects/Software/CASAL2/CASAL2/source/Logging/Logging.h:74:88: error: expected unqualified-id before '!' token
   74 | #define LOG_FOR(level) for (logger::Record r(level, __FILE__, __FUNCTION__, __LINE__); !r.Flush(); Logging::Instance().Flush(r))
      |                                                                                        ^
C:/Projects/Software/CASAL2/CASAL2/source/Logging/Logging.h:91:22: note: in expansion of macro 'LOG_FOR'
   91 | ##define LOG_FATAL() LOG_FOR(logger::Severity::kFatal) r.stream()
      |                      ^~~~~~~
C:/Projects/Software/CASAL2/CASAL2/source/Logging/Logging.h:74:100: error: 'Logging' does not name a type
   74 | #define LOG_FOR(level) for (logger::Record r(level, __FILE__, __FUNCTION__, __LINE__); !r.Flush(); Logging::Instance().Flush(r))
      |                                                                                                    ^~~~~~~
C:/Projects/Software/CASAL2/CASAL2/source/Logging/Logging.h:91:22: note: in expansion of macro 'LOG_FOR'
   91 | ##define LOG_FATAL() LOG_FOR(logger::Severity::kFatal) r.stream()
      |                      ^~~~~~~
In file included from C:/TDM-GCC-64/lib/gcc/x86_64-w64-mingw32/10.3.0/include/c++/bits/node_handle.h:39,
                 from C:/TDM-GCC-64/lib/gcc/x86_64-w64-mingw32/10.3.0/include/c++/bits/stl_tree.h:72,
                 from C:/TDM-GCC-64/lib/gcc/x86_64-w64-mingw32/10.3.0/include/c++/map:60,
                 from C:/Projects/Software/CASAL2/CASAL2/source/ParameterList/ParameterList.h:59,
                 from C:/Projects/Software/CASAL2/CASAL2/source/BaseClasses/Object.h:28,
                 from C:/Projects/Software/CASAL2/CASAL2/source/BaseClasses/Executor.h:19,
                 from C:/Projects/Software/CASAL2/CASAL2/source/AdditionalPriors/AdditionalPrior.h:20,
                 from C:/Projects/Software/CASAL2/CASAL2/source/AdditionalPriors/AdditionalPrior.cpp:13:
C:/TDM-GCC-64/lib/gcc/x86_64-w64-mingw32/10.3.0/include/c++/optional:660:32: error: expected template-name before '<' token
  660 |       private _Enable_copy_move<
      |                                ^
C:/TDM-GCC-64/lib/gcc/x86_64-w64-mingw32/10.3.0/include/c++/optional:660:32: error: expected '{' before '<' token
In file included from C:/Projects/Software/CASAL2/CASAL2/source/BaseClasses/Object.h:27,
                 from C:/Projects/Software/CASAL2/CASAL2/source/BaseClasses/Executor.h:19,
                 from C:/Projects/Software/CASAL2/CASAL2/source/AdditionalPriors/AdditionalPrior.h:20,
                 from C:/Projects/Software/CASAL2/CASAL2/source/AdditionalPriors/Factory.h:15,
                 from C:/Projects/Software/CASAL2/CASAL2/source/AdditionalPriors/Factory.cpp:13:
C:/Projects/Software/CASAL2/CASAL2/source/Logging/Logging.h:91:3: error: 'define' does not name a type
   91 | ##define LOG_FATAL() LOG_FOR(logger::Severity::kFatal) r.stream()
      |   ^~~~~~
In file included from C:/Projects/Software/CASAL2/CASAL2/source/BaseClasses/Object.h:27,
                 from C:/Projects/Software/CASAL2/CASAL2/source/BaseClasses/Executor.h:19,
                 from C:/Projects/Software/CASAL2/CASAL2/source/AdditionalPriors/AdditionalPrior.h:20,
                 from C:/Projects/Software/CASAL2/CASAL2/source/AdditionalPriors/Factory.h:15,
                 from C:/Projects/Software/CASAL2/CASAL2/source/AdditionalPriors/Factory.cpp:13:
C:/Projects/Software/CASAL2/CASAL2/source/Logging/Logging.h:74:88: error: expected unqualified-id before '!' token
   74 | #define LOG_FOR(level) for (logger::Record r(level, __FILE__, __FUNCTION__, __LINE__); !r.Flush(); Logging::Instance().Flush(r))
      |                                                                                        ^
C:/Projects/Software/CASAL2/CASAL2/source/Logging/Logging.h:91:22: note: in expansion of macro 'LOG_FOR'
   91 | ##define LOG_FATAL() LOG_FOR(logger::Severity::kFatal) r.stream()
      |                      ^~~~~~~
C:/Projects/Software/CASAL2/CASAL2/source/Logging/Logging.h:74:100: error: 'Logging' does not name a type
   74 | #define LOG_FOR(level) for (logger::Record r(level, __FILE__, __FUNCTION__, __LINE__); !r.Flush(); Logging::Instance().Flush(r))
      |                                                                                                    ^~~~~~~
C:/Projects/Software/CASAL2/CASAL2/source/Logging/Logging.h:91:22: note: in expansion of macro 'LOG_FOR'
   91 | ##define LOG_FATAL() LOG_FOR(logger::Severity::kFatal) r.stream()
      |                      ^~~~~~~
In file included from C:/TDM-GCC-64/lib/gcc/x86_64-w64-mingw32/10.3.0/include/c++/bits/node_handle.h:39,
                 from C:/TDM-GCC-64/lib/gcc/x86_64-w64-mingw32/10.3.0/include/c++/bits/stl_tree.h:72,
                 from C:/TDM-GCC-64/lib/gcc/x86_64-w64-mingw32/10.3.0/include/c++/map:60,
                 from C:/Projects/Software/CASAL2/CASAL2/source/ParameterList/ParameterList.h:59,
                 from C:/Projects/Software/CASAL2/CASAL2/source/BaseClasses/Object.h:28,
                 from C:/Projects/Software/CASAL2/CASAL2/source/BaseClasses/Executor.h:19,
                 from C:/Projects/Software/CASAL2/CASAL2/source/AdditionalPriors/AdditionalPrior.h:20,
                 from C:/Projects/Software/CASAL2/CASAL2/source/AdditionalPriors/Factory.h:15,
                 from C:/Projects/Software/CASAL2/CASAL2/source/AdditionalPriors/Factory.cpp:13:
C:/TDM-GCC-64/lib/gcc/x86_64-w64-mingw32/10.3.0/include/c++/optional:660:32: error: expected template-name before '<' token
  660 |       private _Enable_copy_move<
      |                                ^
C:/TDM-GCC-64/lib/gcc/x86_64-w64-mingw32/10.3.0/include/c++/optional:660:32: error: expected '{' before '<' token
In file included from C:/Projects/Software/CASAL2/CASAL2/source/BaseClasses/Object.h:27,
                 from C:/Projects/Software/CASAL2/CASAL2/source/BaseClasses/Executor.h:19,
                 from C:/Projects/Software/CASAL2/CASAL2/source/AdditionalPriors/AdditionalPrior.h:20,
                 from C:/Projects/Software/CASAL2/CASAL2/source/AdditionalPriors/Common/UniformLog.h:18,
                 from C:/Projects/Software/CASAL2/CASAL2/source/AdditionalPriors/Common/UniformLog.cpp:13:
C:/Projects/Software/CASAL2/CASAL2/source/Logging/Logging.h:91:3: error: 'define' does not name a type
   91 | ##define LOG_FATAL() LOG_FOR(logger::Severity::kFatal) r.stream()
      |   ^~~~~~
In file included from C:/Projects/Software/CASAL2/CASAL2/source/BaseClasses/Object.h:27,
                 from C:/Projects/Software/CASAL2/CASAL2/source/BaseClasses/Executor.h:19,
                 from C:/Projects/Software/CASAL2/CASAL2/source/AdditionalPriors/AdditionalPrior.h:20,
                 from C:/Projects/Software/CASAL2/CASAL2/source/AdditionalPriors/Common/UniformLog.h:18,
                 from C:/Projects/Software/CASAL2/CASAL2/source/AdditionalPriors/Common/UniformLog.cpp:13:
C:/Projects/Software/CASAL2/CASAL2/source/Logging/Logging.h:74:88: error: expected unqualified-id before '!' token
   74 | #define LOG_FOR(level) for (logger::Record r(level, __FILE__, __FUNCTION__, __LINE__); !r.Flush(); Logging::Instance().Flush(r))
      |                                                                                        ^
C:/Projects/Software/CASAL2/CASAL2/source/Logging/Logging.h:91:22: note: in expansion of macro 'LOG_FOR'
   91 | ##define LOG_FATAL() LOG_FOR(logger::Severity::kFatal) r.stream()
      |                      ^~~~~~~
C:/Projects/Software/CASAL2/CASAL2/source/Logging/Logging.h:74:100: error: 'Logging' does not name a type
   74 | #define LOG_FOR(level) for (logger::Record r(level, __FILE__, __FUNCTION__, __LINE__); !r.Flush(); Logging::Instance().Flush(r))
      |                                                                                                    ^~~~~~~
C:/Projects/Software/CASAL2/CASAL2/source/Logging/Logging.h:91:22: note: in expansion of macro 'LOG_FOR'
   91 | ##define LOG_FATAL() LOG_FOR(logger::Severity::kFatal) r.stream()
      |                      ^~~~~~~
In file included from C:/TDM-GCC-64/lib/gcc/x86_64-w64-mingw32/10.3.0/include/c++/bits/node_handle.h:39,
                 from C:/TDM-GCC-64/lib/gcc/x86_64-w64-mingw32/10.3.0/include/c++/bits/stl_tree.h:72,
                 from C:/TDM-GCC-64/lib/gcc/x86_64-w64-mingw32/10.3.0/include/c++/map:60,
                 from C:/Projects/Software/CASAL2/CASAL2/source/ParameterList/ParameterList.h:59,
                 from C:/Projects/Software/CASAL2/CASAL2/source/BaseClasses/Object.h:28,
                 from C:/Projects/Software/CASAL2/CASAL2/source/BaseClasses/Executor.h:19,
                 from C:/Projects/Software/CASAL2/CASAL2/source/AdditionalPriors/AdditionalPrior.h:20,
                 from C:/Projects/Software/CASAL2/CASAL2/source/AdditionalPriors/Common/UniformLog.h:18,
                 from C:/Projects/Software/CASAL2/CASAL2/source/AdditionalPriors/Common/UniformLog.cpp:13:
C:/TDM-GCC-64/lib/gcc/x86_64-w64-mingw32/10.3.0/include/c++/optional:660:32: error: expected template-name before '<' token
  660 |       private _Enable_copy_move<
      |                                ^
C:/TDM-GCC-64/lib/gcc/x86_64-w64-mingw32/10.3.0/include/c++/optional:660:32: error: expected '{' before '<' token
In file included from C:/Projects/Software/CASAL2/CASAL2/source/BaseClasses/Object.h:27,
                 from C:/Projects/Software/CASAL2/CASAL2/source/BaseClasses/Executor.h:19,
                 from C:/Projects/Software/CASAL2/CASAL2/source/AdditionalPriors/AdditionalPrior.h:20,
                 from C:/Projects/Software/CASAL2/CASAL2/source/AdditionalPriors/Common/Beta.h:18,
                 from C:/Projects/Software/CASAL2/CASAL2/source/AdditionalPriors/Common/Beta.cpp:13:
C:/Projects/Software/CASAL2/CASAL2/source/Logging/Logging.h:91:3: error: 'define' does not name a type
   91 | ##define LOG_FATAL() LOG_FOR(logger::Severity::kFatal) r.stream()
      |   ^~~~~~
In file included from C:/Projects/Software/CASAL2/CASAL2/source/BaseClasses/Object.h:27,
                 from C:/Projects/Software/CASAL2/CASAL2/source/BaseClasses/Executor.h:19,
                 from C:/Projects/Software/CASAL2/CASAL2/source/AdditionalPriors/AdditionalPrior.h:20,
                 from C:/Projects/Software/CASAL2/CASAL2/source/AdditionalPriors/Common/Beta.h:18,
                 from C:/Projects/Software/CASAL2/CASAL2/source/AdditionalPriors/Common/Beta.cpp:13:
C:/Projects/Software/CASAL2/CASAL2/source/Logging/Logging.h:74:88: error: expected unqualified-id before '!' token
   74 | #define LOG_FOR(level) for (logger::Record r(level, __FILE__, __FUNCTION__, __LINE__); !r.Flush(); Logging::Instance().Flush(r))
      |                                                                                        ^
C:/Projects/Software/CASAL2/CASAL2/source/Logging/Logging.h:91:22: note: in expansion of macro 'LOG_FOR'
   91 | ##define LOG_FATAL() LOG_FOR(logger::Severity::kFatal) r.stream()
      |                      ^~~~~~~
C:/Projects/Software/CASAL2/CASAL2/source/Logging/Logging.h:74:100: error: 'Logging' does not name a type
   74 | #define LOG_FOR(level) for (logger::Record r(level, __FILE__, __FUNCTION__, __LINE__); !r.Flush(); Logging::Instance().Flush(r))
      |                                                                                                    ^~~~~~~
C:/Projects/Software/CASAL2/CASAL2/source/Logging/Logging.h:91:22: note: in expansion of macro 'LOG_FOR'
   91 | ##define LOG_FATAL() LOG_FOR(logger::Severity::kFatal) r.stream()
      |                      ^~~~~~~
In file included from C:/TDM-GCC-64/lib/gcc/x86_64-w64-mingw32/10.3.0/include/c++/bits/node_handle.h:39,
                 from C:/TDM-GCC-64/lib/gcc/x86_64-w64-mingw32/10.3.0/include/c++/bits/stl_tree.h:72,
                 from C:/TDM-GCC-64/lib/gcc/x86_64-w64-mingw32/10.3.0/include/c++/map:60,
                 from C:/Projects/Software/CASAL2/CASAL2/source/ParameterList/ParameterList.h:59,
                 from C:/Projects/Software/CASAL2/CASAL2/source/BaseClasses/Object.h:28,
                 from C:/Projects/Software/CASAL2/CASAL2/source/BaseClasses/Executor.h:19,
                 from C:/Projects/Software/CASAL2/CASAL2/source/AdditionalPriors/AdditionalPrior.h:20,
                 from C:/Projects/Software/CASAL2/CASAL2/source/AdditionalPriors/Common/Beta.h:18,
                 from C:/Projects/Software/CASAL2/CASAL2/source/AdditionalPriors/Common/Beta.cpp:13:
C:/TDM-GCC-64/lib/gcc/x86_64-w64-mingw32/10.3.0/include/c++/optional:660:32: error: expected template-name before '<' token
  660 |       private _Enable_copy_move<
      |                                ^
C:/TDM-GCC-64/lib/gcc/x86_64-w64-mingw32/10.3.0/include/c++/optional:660:32: error: expected '{' before '<' token
In file included from C:/Projects/Software/CASAL2/CASAL2/source/BaseClasses/Object.h:27,
                 from C:/Projects/Software/CASAL2/CASAL2/source/BaseClasses/Executor.h:19,
                 from C:/Projects/Software/CASAL2/CASAL2/source/AdditionalPriors/AdditionalPrior.h:20,
                 from C:/Projects/Software/CASAL2/CASAL2/source/AdditionalPriors/Common/VectorSmoothing.h:22,
                 from C:/Projects/Software/CASAL2/CASAL2/source/AdditionalPriors/Common/VectorSmoothing.cpp:13:
C:/Projects/Software/CASAL2/CASAL2/source/Logging/Logging.h:91:3: error: 'define' does not name a type
   91 | ##define LOG_FATAL() LOG_FOR(logger::Severity::kFatal) r.stream()
      |   ^~~~~~
In file included from C:/Projects/Software/CASAL2/CASAL2/source/BaseClasses/Object.h:27,
                 from C:/Projects/Software/CASAL2/CASAL2/source/BaseClasses/Executor.h:19,
                 from C:/Projects/Software/CASAL2/CASAL2/source/AdditionalPriors/AdditionalPrior.h:20,
                 from C:/Projects/Software/CASAL2/CASAL2/source/AdditionalPriors/Common/VectorSmoothing.h:22,
                 from C:/Projects/Software/CASAL2/CASAL2/source/AdditionalPriors/Common/VectorSmoothing.cpp:13:
C:/Projects/Software/CASAL2/CASAL2/source/Logging/Logging.h:74:88: error: expected unqualified-id before '!' token
   74 | #define LOG_FOR(level) for (logger::Record r(level, __FILE__, __FUNCTION__, __LINE__); !r.Flush(); Logging::Instance().Flush(r))
      |                                                                                        ^
C:/Projects/Software/CASAL2/CASAL2/source/Logging/Logging.h:91:22: note: in expansion of macro 'LOG_FOR'
   91 | ##define LOG_FATAL() LOG_FOR(logger::Severity::kFatal) r.stream()
      |                      ^~~~~~~
C:/Projects/Software/CASAL2/CASAL2/source/Logging/Logging.h:74:100: error: 'Logging' does not name a type
   74 | #define LOG_FOR(level) for (logger::Record r(level, __FILE__, __FUNCTION__, __LINE__); !r.Flush(); Logging::Instance().Flush(r))
      |                                                                                                    ^~~~~~~
C:/Projects/Software/CASAL2/CASAL2/source/Logging/Logging.h:91:22: note: in expansion of macro 'LOG_FOR'
   91 | ##define LOG_FATAL() LOG_FOR(logger::Severity::kFatal) r.stream()
      |                      ^~~~~~~
In file included from C:/TDM-GCC-64/lib/gcc/x86_64-w64-mingw32/10.3.0/include/c++/bits/node_handle.h:39,
                 from C:/TDM-GCC-64/lib/gcc/x86_64-w64-mingw32/10.3.0/include/c++/bits/stl_tree.h:72,
                 from C:/TDM-GCC-64/lib/gcc/x86_64-w64-mingw32/10.3.0/include/c++/map:60,
                 from C:/Projects/Software/CASAL2/CASAL2/source/ParameterList/ParameterList.h:59,
                 from C:/Projects/Software/CASAL2/CASAL2/source/BaseClasses/Object.h:28,
                 from C:/Projects/Software/CASAL2/CASAL2/source/BaseClasses/Executor.h:19,
                 from C:/Projects/Software/CASAL2/CASAL2/source/AdditionalPriors/AdditionalPrior.h:20,
                 from C:/Projects/Software/CASAL2/CASAL2/source/AdditionalPriors/Common/VectorSmoothing.h:22,
                 from C:/Projects/Software/CASAL2/CASAL2/source/AdditionalPriors/Common/VectorSmoothing.cpp:13:
C:/TDM-GCC-64/lib/gcc/x86_64-w64-mingw32/10.3.0/include/c++/optional:660:32: error: expected template-name before '<' token
  660 |       private _Enable_copy_move<
      |                                ^
C:/TDM-GCC-64/lib/gcc/x86_64-w64-mingw32/10.3.0/include/c++/optional:660:32: error: expected '{' before '<' token
In file included from C:/Projects/Software/CASAL2/CASAL2/source/BaseClasses/Manager.h:72,
                 from C:/Projects/Software/CASAL2/CASAL2/source/AdditionalPriors/Manager.h:16,
                 from C:/Projects/Software/CASAL2/CASAL2/source/AdditionalPriors/Factory.cpp:21:
C:/Projects/Software/CASAL2/CASAL2/source/BaseClasses/Manager-inl.h: In member function 'virtual void niwa::base::Manager<ClassType, StoredType>::Validate()':
C:/Projects/Software/CASAL2/CASAL2/source/BaseClasses/Manager-inl.h:29:7: error: there are no arguments to 'LOG_FATAL' that depend on a template parameter, so a declaration of 'LOG_FATAL' must be available [-fpermissive]
   29 |       LOG_FATAL() << "Two " << stored_object->block_type() << " objects with the same label " << stored_object->label() << " have been declared. At " << stored_object->location()
      |       ^~~~~~~~~
C:/Projects/Software/CASAL2/CASAL2/source/BaseClasses/Manager-inl.h:29:7: note: (if you use '-fpermissive', G++ will accept your code, but allowing the use of an undeclared name is deprecated)
In file included from C:/Projects/Software/CASAL2/CASAL2/source/BaseClasses/Manager.h:72,
                 from C:/Projects/Software/CASAL2/CASAL2/source/AdditionalPriors/Manager.h:16,
                 from C:/Projects/Software/CASAL2/CASAL2/source/AdditionalPriors/Factory.cpp:21:
C:/Projects/Software/CASAL2/CASAL2/source/BaseClasses/Manager-inl.h: In member function 'StoredType* niwa::base::Manager<ClassType, StoredType>::get(std::string_view)':
C:/Projects/Software/CASAL2/CASAL2/source/BaseClasses/Manager-inl.h:85:3: error: there are no arguments to 'LOG_FATAL' that depend on a template parameter, so a declaration of 'LOG_FATAL' must be available [-fpermissive]
   85 |   LOG_FATAL() << "Object " << label << " could not be found in it's manager";
      |   ^~~~~~~~~
In file included from C:/Projects/Software/CASAL2/CASAL2/source/BaseClasses/Manager.h:72,
                 from C:/Projects/Software/CASAL2/CASAL2/source/Estimates/Manager.h:18,
                 from C:/Projects/Software/CASAL2/CASAL2/source/AdditionalPriors/Common/ElementDifference.cpp:15:
C:/Projects/Software/CASAL2/CASAL2/source/BaseClasses/Manager-inl.h: In member function 'virtual void niwa::base::Manager<ClassType, StoredType>::Validate()':
C:/Projects/Software/CASAL2/CASAL2/source/BaseClasses/Manager-inl.h:29:7: error: there are no arguments to 'LOG_FATAL' that depend on a template parameter, so a declaration of 'LOG_FATAL' must be available [-fpermissive]
   29 |       LOG_FATAL() << "Two " << stored_object->block_type() << " objects with the same label " << stored_object->label() << " have been declared. At " << stored_object->location()
      |       ^~~~~~~~~
C:/Projects/Software/CASAL2/CASAL2/source/BaseClasses/Manager-inl.h:29:7: note: (if you use '-fpermissive', G++ will accept your code, but allowing the use of an undeclared name is deprecated)
In file included from C:/Projects/Software/CASAL2/CASAL2/source/BaseClasses/Manager.h:72,
                 from C:/Projects/Software/CASAL2/CASAL2/source/Estimates/Manager.h:18,
                 from C:/Projects/Software/CASAL2/CASAL2/source/AdditionalPriors/Common/ElementDifference.cpp:15:
C:/Projects/Software/CASAL2/CASAL2/source/BaseClasses/Manager-inl.h: In member function 'StoredType* niwa::base::Manager<ClassType, StoredType>::get(std::string_view)':
C:/Projects/Software/CASAL2/CASAL2/source/BaseClasses/Manager-inl.h:85:3: error: there are no arguments to 'LOG_FATAL' that depend on a template parameter, so a declaration of 'LOG_FATAL' must be available [-fpermissive]
   85 |   LOG_FATAL() << "Object " << label << " could not be found in it's manager";
      |   ^~~~~~~~~
CMakeFiles/casal2.dir/build.make:151: recipe for target 'CMakeFiles/casal2.dir/source/AdditionalPriors/Common/VectorAverage.cpp.obj' failed
mingw32-make[2]: *** [CMakeFiles/casal2.dir/source/AdditionalPriors/Common/VectorAverage.cpp.obj] Error 1
mingw32-make[2]: *** Waiting for unfinished jobs....
CMakeFiles/casal2.dir/build.make:121: recipe for target 'CMakeFiles/casal2.dir/source/AdditionalPriors/Common/LogNormal.cpp.obj' failed
mingw32-make[2]: *** [CMakeFiles/casal2.dir/source/AdditionalPriors/Common/LogNormal.cpp.obj] Error 1
In file included from C:/Projects/Software/CASAL2/CASAL2/source/BaseClasses/Manager.h:72,
                 from C:/Projects/Software/CASAL2/CASAL2/source/Estimates/Manager.h:18,
                 from C:/Projects/Software/CASAL2/CASAL2/source/AdditionalPriors/Common/Beta.cpp:15:
C:/Projects/Software/CASAL2/CASAL2/source/BaseClasses/Manager-inl.h: In member function 'virtual void niwa::base::Manager<ClassType, StoredType>::Validate()':
C:/Projects/Software/CASAL2/CASAL2/source/BaseClasses/Manager-inl.h:29:7: error: there are no arguments to 'LOG_FATAL' that depend on a template parameter, so a declaration of 'LOG_FATAL' must be available [-fpermissive]
   29 |       LOG_FATAL() << "Two " << stored_object->block_type() << " objects with the same label " << stored_object->label() << " have been declared. At " << stored_object->location()
      |       ^~~~~~~~~
C:/Projects/Software/CASAL2/CASAL2/source/BaseClasses/Manager-inl.h:29:7: note: (if you use '-fpermissive', G++ will accept your code, but allowing the use of an undeclared name is deprecated)
In file included from C:/Projects/Software/CASAL2/CASAL2/source/BaseClasses/Manager.h:72,
                 from C:/Projects/Software/CASAL2/CASAL2/source/Estimates/Manager.h:18,
                 from C:/Projects/Software/CASAL2/CASAL2/source/AdditionalPriors/Common/Beta.cpp:15:
C:/Projects/Software/CASAL2/CASAL2/source/BaseClasses/Manager-inl.h: In member function 'StoredType* niwa::base::Manager<ClassType, StoredType>::get(std::string_view)':
C:/Projects/Software/CASAL2/CASAL2/source/BaseClasses/Manager-inl.h:85:3: error: there are no arguments to 'LOG_FATAL' that depend on a template parameter, so a declaration of 'LOG_FATAL' must be available [-fpermissive]
   85 |   LOG_FATAL() << "Object " << label << " could not be found in it's manager";
      |   ^~~~~~~~~
In file included from C:/Projects/Software/CASAL2/CASAL2/source/BaseClasses/Manager.h:72,
                 from C:/Projects/Software/CASAL2/CASAL2/source/Estimates/Manager.h:18,
                 from C:/Projects/Software/CASAL2/CASAL2/source/AdditionalPriors/Common/VectorSmoothing.cpp:15:
C:/Projects/Software/CASAL2/CASAL2/source/BaseClasses/Manager-inl.h: In member function 'virtual void niwa::base::Manager<ClassType, StoredType>::Validate()':
C:/Projects/Software/CASAL2/CASAL2/source/BaseClasses/Manager-inl.h:29:7: error: there are no arguments to 'LOG_FATAL' that depend on a template parameter, so a declaration of 'LOG_FATAL' must be available [-fpermissive]
   29 |       LOG_FATAL() << "Two " << stored_object->block_type() << " objects with the same label " << stored_object->label() << " have been declared. At " << stored_object->location()
      |       ^~~~~~~~~
C:/Projects/Software/CASAL2/CASAL2/source/BaseClasses/Manager-inl.h:29:7: note: (if you use '-fpermissive', G++ will accept your code, but allowing the use of an undeclared name is deprecated)
In file included from C:/Projects/Software/CASAL2/CASAL2/source/BaseClasses/Manager.h:72,
                 from C:/Projects/Software/CASAL2/CASAL2/source/Estimates/Manager.h:18,
                 from C:/Projects/Software/CASAL2/CASAL2/source/AdditionalPriors/Common/VectorSmoothing.cpp:15:
C:/Projects/Software/CASAL2/CASAL2/source/BaseClasses/Manager-inl.h: In member function 'StoredType* niwa::base::Manager<ClassType, StoredType>::get(std::string_view)':
C:/Projects/Software/CASAL2/CASAL2/source/BaseClasses/Manager-inl.h:85:3: error: there are no arguments to 'LOG_FATAL' that depend on a template parameter, so a declaration of 'LOG_FATAL' must be available [-fpermissive]
   85 |   LOG_FATAL() << "Object " << label << " could not be found in it's manager";
      |   ^~~~~~~~~
CMakeFiles/casal2.dir/build.make:181: recipe for target 'CMakeFiles/casal2.dir/source/AdditionalPriors/Factory.cpp.obj' failed
mingw32-make[2]: *** [CMakeFiles/casal2.dir/source/AdditionalPriors/Factory.cpp.obj] Error 1
CMakeFiles/casal2.dir/build.make:136: recipe for target 'CMakeFiles/casal2.dir/source/AdditionalPriors/Common/UniformLog.cpp.obj' failed
mingw32-make[2]: *** [CMakeFiles/casal2.dir/source/AdditionalPriors/Common/UniformLog.cpp.obj] Error 1
CMakeFiles/casal2.dir/build.make:76: recipe for target 'CMakeFiles/casal2.dir/source/AdditionalPriors/AdditionalPrior.cpp.obj' failed
mingw32-make[2]: *** [CMakeFiles/casal2.dir/source/AdditionalPriors/AdditionalPrior.cpp.obj] Error 1
In file included from C:/Projects/Software/CASAL2/CASAL2/source/BaseClasses/Manager.h:72,
                 from C:/Projects/Software/CASAL2/CASAL2/source/Estimates/Manager.h:18,
                 from C:/Projects/Software/CASAL2/CASAL2/source/AdditionalPriors/Common/Beta.cpp:15:
C:/Projects/Software/CASAL2/CASAL2/source/BaseClasses/Manager-inl.h: In instantiation of 'void niwa::base::Manager<ClassType, StoredType>::Validate() [with ClassType = niwa::estimates::Manager; StoredType = niwa::Estimate]':
C:/Projects/Software/CASAL2/CASAL2/source/BaseClasses/Manager-inl.h:23:6:   required from here
C:/Projects/Software/CASAL2/CASAL2/source/BaseClasses/Manager-inl.h:29:16: error: 'LOG_FATAL' was not declared in this scope; did you mean 'LOG_FATAL_P'?
   29 |       LOG_FATAL() << "Two " << stored_object->block_type() << " objects with the same label " << stored_object->label() << " have been declared. At " << stored_object->location()
      |       ~~~~~~~~~^~
      |       LOG_FATAL_P
In file included from C:/Projects/Software/CASAL2/CASAL2/source/BaseClasses/Manager.h:72,
                 from C:/Projects/Software/CASAL2/CASAL2/source/Estimates/Manager.h:18,
                 from C:/Projects/Software/CASAL2/CASAL2/source/AdditionalPriors/Common/ElementDifference.cpp:15:
C:/Projects/Software/CASAL2/CASAL2/source/BaseClasses/Manager-inl.h: In instantiation of 'void niwa::base::Manager<ClassType, StoredType>::Validate() [with ClassType = niwa::estimates::Manager; StoredType = niwa::Estimate]':
C:/Projects/Software/CASAL2/CASAL2/source/BaseClasses/Manager-inl.h:23:6:   required from here
C:/Projects/Software/CASAL2/CASAL2/source/BaseClasses/Manager-inl.h:29:16: error: 'LOG_FATAL' was not declared in this scope; did you mean 'LOG_FATAL_P'?
   29 |       LOG_FATAL() << "Two " << stored_object->block_type() << " objects with the same label " << stored_object->label() << " have been declared. At " << stored_object->location()
      |       ~~~~~~~~~^~
      |       LOG_FATAL_P
In file included from C:/Projects/Software/CASAL2/CASAL2/source/BaseClasses/Manager.h:72,
                 from C:/Projects/Software/CASAL2/CASAL2/source/Estimates/Manager.h:18,
                 from C:/Projects/Software/CASAL2/CASAL2/source/AdditionalPriors/Common/VectorSmoothing.cpp:15:
C:/Projects/Software/CASAL2/CASAL2/source/BaseClasses/Manager-inl.h: In instantiation of 'void niwa::base::Manager<ClassType, StoredType>::Validate() [with ClassType = niwa::estimates::Manager; StoredType = niwa::Estimate]':
C:/Projects/Software/CASAL2/CASAL2/source/BaseClasses/Manager-inl.h:23:6:   required from here
C:/Projects/Software/CASAL2/CASAL2/source/BaseClasses/Manager-inl.h:29:16: error: 'LOG_FATAL' was not declared in this scope; did you mean 'LOG_FATAL_P'?
   29 |       LOG_FATAL() << "Two " << stored_object->block_type() << " objects with the same label " << stored_object->label() << " have been declared. At " << stored_object->location()
      |       ~~~~~~~~~^~
      |       LOG_FATAL_P
CMakeFiles/casal2.dir/build.make:91: recipe for target 'CMakeFiles/casal2.dir/source/AdditionalPriors/Common/Beta.cpp.obj' failed
mingw32-make[2]: *** [CMakeFiles/casal2.dir/source/AdditionalPriors/Common/Beta.cpp.obj] Error 1
CMakeFiles/casal2.dir/build.make:106: recipe for target 'CMakeFiles/casal2.dir/source/AdditionalPriors/Common/ElementDifference.cpp.obj' failed
mingw32-make[2]: *** [CMakeFiles/casal2.dir/source/AdditionalPriors/Common/ElementDifference.cpp.obj] Error 1
CMakeFiles/casal2.dir/build.make:166: recipe for target 'CMakeFiles/casal2.dir/source/AdditionalPriors/Common/VectorSmoothing.cpp.obj' failed
mingw32-make[2]: *** [CMakeFiles/casal2.dir/source/AdditionalPriors/Common/VectorSmoothing.cpp.obj] Error 1
CMakeFiles/Makefile2:82: recipe for target 'CMakeFiles/casal2.dir/all' failed
mingw32-make[1]: *** [CMakeFiles/casal2.dir/all] Error 2
Makefile:90: recipe for target 'all' failed
mingw32-make: *** [all] Error 2
--> Starting SystemInfo object
-- Configuring for Operating System: windows
-- Checking if number of build threads has been specified in CASAL2_BUILD_THREADS
-- Setting default number of build threads to 8
--> Setting the paths for the required tools
-- G++ Path: c:\TDM-GCC-64\bin\g++.exe
-- Searching path for cmd.exe
-- cmd.exe found @ c:\WINDOWS\system32\
-- Searching path for gfortran.exe
-- gfortran.exe found @ c:\TDM-GCC-64\bin\
-- Searching path for bibtex.exe
-- bibtex.exe found @ c:\Users\alist\AppData\Local\Programs\MiKTeX\miktex\bin\x64\
-- Searching path for git.exe
-- git.exe found @ c:\Program Files\Git\cmd\
-- Overriding the system path with new values
-- New Path: c:\Program Files\Git\cmd\;c:\Users\alist\AppData\Local\Programs\MiKTeX\miktex\bin\x64\;c:\TDM-GCC-64\bin\;c:\WINDOWS\system32\;C:\Projects\Software\CASAL2\BuildSystem\buildtools\windows\unixutils;C:\Projects\Software\CASAL2\BuildSystem\buildtools\windows\cmake\bin;C:\Projects\Software\CASAL2\BuildSystem\bin\windows\release_betadiff;;c:\Program Files\Git\cmd\;c:\Users\alist\AppData\Local\Programs\MiKTeX\miktex\bin\x64\;c:\TDM-GCC-64\bin\;c:\WINDOWS\system32\;C:\Projects\Software\CASAL2\BuildSystem\buildtools\windows\unixutils;C:\Projects\Software\CASAL2\BuildSystem\buildtools\windows\cmake\bin;C:\Projects\Software\CASAL2\BuildSystem\bin\windows\release_betadiff;;C:\WINDOWS\system32;C:\WINDOWS;C:\WINDOWS\System32\Wbem;C:\WINDOWS\System32\WindowsPowerShell\v1.0\;C:\WINDOWS\System32\OpenSSH\;C:\Program Files\Intel\WiFi\bin\;C:\Program Files\Common Files\Intel\WirelessCommon\;C:\Program Files (x86)\Intel\Intel(R) Management Engine Components\DAL;C:\Program Files\Intel\Intel(R) Management Engine Components\DAL;C:\Program Files\Git\cmd;C:\TDM-GCC-64\bin;C:\Program Files\R\R-4.1.0\bin\x64;C:\Program Files\dotnet\;C:\Program Files\PuTTY\;C:\rtools40\usr\bin;C:\Program Files (x86)\Casal2;C:\Program Files (x86)\SPM;C:\Program Files\Calibre2\;C:\Users\alist\AppData\Local\Programs\Python\Python39\Scripts\;C:\Users\alist\AppData\Local\Programs\Python\Python39\;C:\Users\alist\AppData\Local\Microsoft\WindowsApps;C:\Users\alist\AppData\Local\Programs\Microsoft VS Code\bin;C:\Users\alist\AppData\Local\GitHubDesktop\bin;C:\Users\alist\AppData\Local\Programs\MiKTeX\miktex\bin\x64\;C:\Projects\Software\CASAL2\BuildSystem\buildtools\windows\unixutils\;C:\Projects\Software\CASAL2\BuildSystem\buildtools\windows\unixutils\
--> Searching for g++ compiler version in 'c:\TDM-GCC-64\bin\g++.exe'
--> Full Version: 10.3.0 (tdm64-1) \r\n'
--> gcc version: 10.3.0
--> Spawning Command Line Interface Parser
--> Parsing Command Line Parameters
-- Build target: library
-- Build parameters: release
*************************************************************************
*************************************************************************
--> Starting library Build
--> Starting Version Class
--> Starting library Build
--> Starting build of the main code base
--> Build configuration library : release
--> Operating System: windows
--> CMake Compiler: -G "Unix Makefiles" -DOUTPUT_PATH:STRING=windows_gcc
--> Target output directory: bin/windows_gcc/library_release
--> Preparing CMake command
--> CMake command: cmake -G "Unix Makefiles" -DOUTPUT_PATH:STRING=windows_gcc -DLIBRARY=1 -DRELEASE=1 ../../../../CASAL2/
--> Build main code base




###### ERROR ######
Error Description:
Failed to build code base. Please see above for build error
###### ERROR ######




--> Finished
